<?xml version="1.0" encoding="UTF-8"?>
<!-- Generated by org.testng.reporters.JUnitXMLReporter -->
<testsuite ignored="2" hostname="Lenovo" failures="1" tests="1" name="SmokeTest(failed)" time="0.236" errors="0" timestamp="2022-07-13T21:28:24 IST">
  <testcase classname="testng.carloan2" name="carloan2Vr1" time="0.0">
    <failure type="org.testng.TestNGException" message="
Parameter &amp;apos;url&amp;apos; is required by @Test on method carloan2Vr1 but has not been marked @Optional or defined
in C:\Users\ELCOT\Documents\Selenium\TestNG\test-output\testng-failed.xml">
      <![CDATA[org.testng.TestNGException: 
Parameter 'url' is required by @Test on method carloan2Vr1 but has not been marked @Optional or defined
in C:\Users\ELCOT\Documents\Selenium\TestNG\test-output\testng-failed.xml
at java.base/java.util.ArrayList.forEach(ArrayList.java:1511)
... Removed 26 stack frames]]>
    </failure>
  </testcase> <!-- carloan2Vr1 -->
  <testcase classname="testng.carloan2" name="carloadn2vr3" time="0.0">
    <ignored/>
  </testcase> <!-- carloadn2vr3 -->
  <testcase classname="testng.carloan2" name="barloan2Vr2" time="0.0">
    <ignored/>
  </testcase> <!-- barloan2Vr2 -->
</testsuite> <!-- SmokeTest(failed) -->
