<?xml version="1.0" encoding="UTF-8"?>
<!-- Generated by org.testng.reporters.JUnitXMLReporter -->
<testsuite ignored="10" hostname="Lenovo" failures="1" tests="9" name="SmokeTest" time="0.553" errors="0" timestamp="2022-06-30T11:08:50 IST">
  <testcase classname="testng.hello" name="Ztest" time="0.024"/>
  <testcase classname="testng.hello" name="Ztest" time="0.011"/>
  <testcase classname="testng.hello" name="Ztest" time="0.01"/>
  <testcase classname="testng.carloan2" name="barloan2Vr2" time="0.01"/>
  <testcase classname="testng.carloan2" name="carloadn2vr3" time="0.009"/>
  <testcase classname="testng.carloan2" name="carloan2Vr1" time="0.0">
    <failure type="org.testng.TestNGException" message="
Parameter &amp;apos;url&amp;apos; is required by @Test on method carloan2Vr1 but has not been marked @Optional or defined
in C:\Users\ELCOT\Documents\Selenium\TestNG\testng3.xml">
      <![CDATA[org.testng.TestNGException: 
Parameter 'url' is required by @Test on method carloan2Vr1 but has not been marked @Optional or defined
in C:\Users\ELCOT\Documents\Selenium\TestNG\testng3.xml
at java.base/java.util.ArrayList.forEach(ArrayList.java:1511)
... Removed 26 stack frames]]>
    </failure>
  </testcase> <!-- carloan2Vr1 -->
  <testcase classname="testng.carloan3" name="Acarloan31" time="0.044"/>
  <testcase classname="testng.homeloan" name="homeloan1" time="0.041"/>
  <testcase classname="testng.carloan" name="homeloanoncar2" time="0.027"/>
  <testcase classname="testng.carloan3" name="WebLoginCar" time="0.0">
    <ignored/>
  </testcase> <!-- WebLoginCar -->
  <testcase classname="testng.carloan" name="carloan1" time="0.0">
    <ignored/>
  </testcase> <!-- carloan1 -->
  <testcase classname="testng.carloan3" name="AACarloan31" time="0.0">
    <ignored/>
  </testcase> <!-- AACarloan31 -->
  <testcase classname="testng.homeloan" name="homeloan2" time="0.0">
    <ignored/>
  </testcase> <!-- homeloan2 -->
  <testcase classname="testng.homeloan" name="homeloan4" time="0.0">
    <ignored/>
  </testcase> <!-- homeloan4 -->
  <testcase classname="testng.homeloan" name="homeloan3" time="0.0">
    <ignored/>
  </testcase> <!-- homeloan3 -->
  <testcase classname="testng.carloan3" name="MobileLoginCar" time="0.0">
    <ignored/>
  </testcase> <!-- MobileLoginCar -->
  <testcase classname="testng.carloan" name="homeloanoncar1" time="0.0">
    <ignored/>
  </testcase> <!-- homeloanoncar1 -->
  <testcase classname="testng.carloan3" name="Carloan31" time="0.0">
    <ignored/>
  </testcase> <!-- Carloan31 -->
  <testcase classname="testng.carloan3" name="ApiLoginCar" time="0.0">
    <ignored/>
  </testcase> <!-- ApiLoginCar -->
</testsuite> <!-- SmokeTest -->
