<?xml version="1.0" encoding="UTF-8"?>
<!-- Generated by org.testng.reporters.JUnitXMLReporter -->
<testsuite ignored="1" hostname="Lenovo" failures="5" tests="18" name="Test" time="1.035" errors="0" timestamp="2022-06-30T11:04:00 IST">
  <testcase classname="testng.carloan" name="carloan1" time="0.013"/>
  <testcase classname="testng.carloan" name="homeloanoncar1" time="0.0">
    <failure type="org.testng.TestNGException" message="
Parameter &amp;apos;key&amp;apos; is required by @Test on method homeloanoncar1 but has not been marked @Optional or defined
in C:\Users\ELCOT\Documents\Selenium\TestNG\testng2.xml">
      <![CDATA[org.testng.TestNGException: 
Parameter 'key' is required by @Test on method homeloanoncar1 but has not been marked @Optional or defined
in C:\Users\ELCOT\Documents\Selenium\TestNG\testng2.xml
at java.base/java.util.ArrayList.forEach(ArrayList.java:1511)
... Removed 26 stack frames]]>
    </failure>
  </testcase> <!-- homeloanoncar1 -->
  <testcase classname="testng.carloan" name="homeloanoncar2" time="0.005"/>
  <testcase classname="testng.carloan2" name="barloan2Vr2" time="0.003"/>
  <testcase classname="testng.carloan2" name="carloadn2vr3" time="0.018"/>
  <testcase classname="testng.carloan2" name="carloan2Vr1" time="0.0">
    <failure type="org.testng.TestNGException" message="
Parameter &amp;apos;url&amp;apos; is required by @Test on method carloan2Vr1 but has not been marked @Optional or defined
in C:\Users\ELCOT\Documents\Selenium\TestNG\testng2.xml">
      <![CDATA[org.testng.TestNGException: 
Parameter 'url' is required by @Test on method carloan2Vr1 but has not been marked @Optional or defined
in C:\Users\ELCOT\Documents\Selenium\TestNG\testng2.xml
at java.base/java.util.ArrayList.forEach(ArrayList.java:1511)
... Removed 26 stack frames]]>
    </failure>
  </testcase> <!-- carloan2Vr1 -->
  <testcase classname="testng.carloan3" name="Acarloan31" time="0.025"/>
  <testcase classname="testng.carloan3" name="MobileLoginCar" time="0.013"/>
  <testcase classname="testng.carloan3" name="WebLoginCar" time="0.023"/>
  <testcase classname="testng.carloan3" name="Carloan31" time="0.006"/>
  <testcase classname="testng.carloan3" name="ApiLoginCar" time="0.005"/>
  <testcase classname="testng.hello" name="Ztest" time="0.011"/>
  <testcase classname="testng.hello" name="Ztest" time="0.008"/>
  <testcase classname="testng.hello" name="Ztest" time="0.046"/>
  <testcase classname="testng.homeloan" name="homeloan1" time="0.0">
    <failure type="org.testng.TestNGException" message="
Parameter &amp;apos;url&amp;apos; is required by @Test on method homeloan1 but has not been marked @Optional or defined
in C:\Users\ELCOT\Documents\Selenium\TestNG\testng2.xml">
      <![CDATA[org.testng.TestNGException: 
Parameter 'url' is required by @Test on method homeloan1 but has not been marked @Optional or defined
in C:\Users\ELCOT\Documents\Selenium\TestNG\testng2.xml
at java.base/java.util.ArrayList.forEach(ArrayList.java:1511)
... Removed 26 stack frames]]>
    </failure>
  </testcase> <!-- homeloan1 -->
  <testcase classname="testng.homeloan" name="homeloan2" time="0.013"/>
  <testcase classname="testng.homeloan" name="homeloan3" time="0.0">
    <failure type="org.testng.TestNGException" message="
Parameter &amp;apos;homeurl&amp;apos; is required by @Test on method homeloan3 but has not been marked @Optional or defined
in C:\Users\ELCOT\Documents\Selenium\TestNG\testng2.xml">
      <![CDATA[org.testng.TestNGException: 
Parameter 'homeurl' is required by @Test on method homeloan3 but has not been marked @Optional or defined
in C:\Users\ELCOT\Documents\Selenium\TestNG\testng2.xml
at java.base/java.util.ArrayList.forEach(ArrayList.java:1511)
... Removed 26 stack frames]]>
    </failure>
  </testcase> <!-- homeloan3 -->
  <testcase classname="testng.homeloan" name="homeloan4" time="0.0">
    <failure type="org.testng.TestNGException" message="
Parameter &amp;apos;classlevelurl&amp;apos; is required by @Test on method homeloan4 but has not been marked @Optional or defined
in C:\Users\ELCOT\Documents\Selenium\TestNG\testng2.xml">
      <![CDATA[org.testng.TestNGException: 
Parameter 'classlevelurl' is required by @Test on method homeloan4 but has not been marked @Optional or defined
in C:\Users\ELCOT\Documents\Selenium\TestNG\testng2.xml
at java.base/java.util.ArrayList.forEach(ArrayList.java:1511)
... Removed 26 stack frames]]>
    </failure>
  </testcase> <!-- homeloan4 -->
  <testcase classname="testng.carloan3" name="AACarloan31" time="0.0">
    <ignored/>
  </testcase> <!-- AACarloan31 -->
</testsuite> <!-- Test -->
